/home/ptossou/env/lib/python3.5/site-packages/h5py/__init__.py:36: FutureWarning: Conversion of the second argument of issubdtype from `float` to `np.floating` is deprecated. In future, it will be treated as `np.float64 == np.dtype(float).type`.
  from ._conv import register_converters as _register_converters
Using TensorFlow backend.
Traceback (most recent call last):
  File "main.py", line 276, in <module>
    comparison_expts(**param, expts_dir='expts_helios', fit=True)
  File "main.py", line 121, in comparison_expts
    log_filename=log_fname, checkpoint_filename=ckp_fname)
  File "/scratch/nne-790-aa/ptossou/few_shot_regression/models/maml.py", line 90, in fit
    return super(MAML, self).fit(metatrain, metavalid, n_epochs, steps_per_epoch, log_filename, checkpoint_filename)
  File "/scratch/nne-790-aa/ptossou/few_shot_regression/models/base.py", line 44, in fit
    callbacks=callbacks)
  File "/home/ptossou/env/lib/python3.5/site-packages/pytoune/framework/model.py", line 300, in fit_generator
    x, y = next(train_iterator)
ValueError: too many values to unpack (expected 2)

==============NVSMI LOG==============

Timestamp                           : Fri Feb 23 23:22:37 2018
Driver Version                      : 384.111

Attached GPUs                       : 16
GPU 00000000:0A:00.0
    Accounting Mode                 : Enabled
    Accounting Mode Buffer Size     : 1920
    Accounted Processes             : None

=>> PBS: job killed: walltime 43244 exceeded limit 43200

==============NVSMI LOG==============

Timestamp                           : Sun Feb 25 09:00:19 2018
Driver Version                      : 384.111

Attached GPUs                       : 16
GPU 00000000:8F:00.0
    Accounting Mode                 : Enabled
    Accounting Mode Buffer Size     : 1920
    Accounted Processes             : None

