/home/ptossou/env/lib/python3.5/site-packages/h5py/__init__.py:36: FutureWarning: Conversion of the second argument of issubdtype from `float` to `np.floating` is deprecated. In future, it will be treated as `np.float64 == np.dtype(float).type`.
  from ._conv import register_converters as _register_converters
Using TensorFlow backend.

==============NVSMI LOG==============

Timestamp                           : Sat Feb 17 11:21:18 2018
Driver Version                      : 384.111

Attached GPUs                       : 16
GPU 00000000:06:00.0
    Accounting Mode                 : Enabled
    Accounting Mode Buffer Size     : 1920
    Accounted Processes
        Process ID                  : 6699
            GPU Utilization         : 4 %
            Memory Utilization      : 0 %
            Max memory usage        : 0 MiB
            Time                    : 18464413 ms
            Is Running              : 0
        Process ID                  : 225056
            GPU Utilization         : 5 %
            Memory Utilization      : 0 %
            Max memory usage        : 2362 MiB
            Time                    : 18464693 ms
            Is Running              : 0

