=>> PBS: job killed: walltime 43201 exceeded limit 43200

==============NVSMI LOG==============

Timestamp                           : Sun Feb 18 03:35:53 2018
Driver Version                      : 384.111

Attached GPUs                       : 16
GPU 00000000:06:00.0
    Accounting Mode                 : Enabled
    Accounting Mode Buffer Size     : 1920
    Accounted Processes
        Process ID                  : 6699
            GPU Utilization         : 8 %
            Memory Utilization      : 2 %
            Max memory usage        : 0 MiB
            Time                    : 43194169 ms
            Is Running              : 0
        Process ID                  : 234346
            GPU Utilization         : 8 %
            Memory Utilization      : 2 %
            Max memory usage        : 2485 MiB
            Time                    : 43194474 ms
            Is Running              : 0

