/var/spool/torque/mom_priv/jobs/360671.gpu-srv1.helios.SC: line 33: 204422 Killed                  python main.py $MOAB_JOBARRAYINDEX -1

==============NVSMI LOG==============

Timestamp                           : Fri Feb 23 23:23:38 2018
Driver Version                      : 384.111

Attached GPUs                       : 16
GPU 00000000:06:00.0
    Accounting Mode                 : Enabled
    Accounting Mode Buffer Size     : 1920
    Accounted Processes
        Process ID                  : 6699
            GPU Utilization         : 0 %
            Memory Utilization      : 0 %
            Max memory usage        : 0 MiB
            Time                    : 313559 ms
            Is Running              : 0
        Process ID                  : 204422
            GPU Utilization         : 0 %
            Memory Utilization      : 0 %
            Max memory usage        : 231 MiB
            Time                    : 313841 ms
            Is Running              : 0

/var/spool/torque/mom_priv/jobs/361335.gpu-srv1.helios.SC: line 33: 236639 Killed                  python main.py $MOAB_JOBARRAYINDEX -1

==============NVSMI LOG==============

Timestamp                           : Sat Feb 24 09:05:42 2018
Driver Version                      : 384.111

Attached GPUs                       : 16
GPU 00000000:06:00.0
    Accounting Mode                 : Enabled
    Accounting Mode Buffer Size     : 1920
    Accounted Processes
        Process ID                  : 6743
            GPU Utilization         : 0 %
            Memory Utilization      : 0 %
            Max memory usage        : 0 MiB
            Time                    : 327368 ms
            Is Running              : 0
        Process ID                  : 236639
            GPU Utilization         : 0 %
            Memory Utilization      : 0 %
            Max memory usage        : 231 MiB
            Time                    : 327660 ms
            Is Running              : 0

