/home/ptossou/env/lib/python3.5/site-packages/h5py/__init__.py:36: FutureWarning: Conversion of the second argument of issubdtype from `float` to `np.floating` is deprecated. In future, it will be treated as `np.float64 == np.dtype(float).type`.
  from ._conv import register_converters as _register_converters
Using TensorFlow backend.

==============NVSMI LOG==============

Timestamp                           : Sat Feb 17 12:35:17 2018
Driver Version                      : 384.111

Attached GPUs                       : 16
GPU 00000000:06:00.0
    Accounting Mode                 : Enabled
    Accounting Mode Buffer Size     : 1920
    Accounted Processes
        Process ID                  : 6743
            GPU Utilization         : 6 %
            Memory Utilization      : 1 %
            Max memory usage        : 0 MiB
            Time                    : 16553972 ms
            Is Running              : 0
        Process ID                  : 16794
            GPU Utilization         : 7 %
            Memory Utilization      : 1 %
            Max memory usage        : 2568 MiB
            Time                    : 16554258 ms
            Is Running              : 0

